{"/Users/caity/codefellows/401/lab/03-async/lib/reader-fixed.js": {"path":"/Users/caity/codefellows/401/lab/03-async/lib/reader-fixed.js","statementMap":{"0":{"start":{"line":3,"column":11},"end":{"line":3,"column":24}},"1":{"start":{"line":4,"column":15},"end":{"line":4,"column":17}},"2":{"start":{"line":9,"column":0},"end":{"line":12,"column":2}},"3":{"start":{"line":10,"column":2},"end":{"line":10,"column":31}},"4":{"start":{"line":11,"column":2},"end":{"line":11,"column":16}},"5":{"start":{"line":19,"column":16},"end":{"line":25,"column":1}},"6":{"start":{"line":20,"column":2},"end":{"line":24,"column":5}},"7":{"start":{"line":22,"column":4},"end":{"line":23,"column":36}},"8":{"start":{"line":22,"column":14},"end":{"line":22,"column":24}},"9":{"start":{"line":23,"column":9},"end":{"line":23,"column":35}},"10":{"start":{"line":32,"column":16},"end":{"line":67,"column":1}},"11":{"start":{"line":33,"column":2},"end":{"line":33,"column":28}},"12":{"start":{"line":34,"column":17},"end":{"line":34,"column":19}},"13":{"start":{"line":36,"column":2},"end":{"line":64,"column":5}},"14":{"start":{"line":37,"column":4},"end":{"line":63,"column":5}},"15":{"start":{"line":37,"column":15},"end":{"line":37,"column":25}},"16":{"start":{"line":39,"column":6},"end":{"line":39,"column":33}},"17":{"start":{"line":41,"column":6},"end":{"line":41,"column":44}},"18":{"start":{"line":44,"column":6},"end":{"line":62,"column":9}},"19":{"start":{"line":45,"column":8},"end":{"line":61,"column":9}},"20":{"start":{"line":45,"column":19},"end":{"line":45,"column":29}},"21":{"start":{"line":47,"column":10},"end":{"line":47,"column":37}},"22":{"start":{"line":48,"column":10},"end":{"line":48,"column":48}},"23":{"start":{"line":51,"column":10},"end":{"line":60,"column":13}},"24":{"start":{"line":52,"column":12},"end":{"line":58,"column":13}},"25":{"start":{"line":52,"column":23},"end":{"line":52,"column":33}},"26":{"start":{"line":54,"column":14},"end":{"line":54,"column":41}},"27":{"start":{"line":55,"column":14},"end":{"line":55,"column":52}},"28":{"start":{"line":56,"column":14},"end":{"line":56,"column":36}},"29":{"start":{"line":59,"column":12},"end":{"line":59,"column":42}},"30":{"start":{"line":66,"column":2},"end":{"line":66,"column":24}}},"fnMap":{"0":{"name":"(anonymous_0)","decl":{"start":{"line":9,"column":18},"end":{"line":9,"column":19}},"loc":{"start":{"line":9,"column":39},"end":{"line":12,"column":1}},"line":9},"1":{"name":"(anonymous_1)","decl":{"start":{"line":19,"column":16},"end":{"line":19,"column":17}},"loc":{"start":{"line":19,"column":36},"end":{"line":25,"column":1}},"line":19},"2":{"name":"(anonymous_2)","decl":{"start":{"line":20,"column":21},"end":{"line":20,"column":22}},"loc":{"start":{"line":20,"column":36},"end":{"line":24,"column":3}},"line":20},"3":{"name":"(anonymous_3)","decl":{"start":{"line":32,"column":16},"end":{"line":32,"column":17}},"loc":{"start":{"line":32,"column":37},"end":{"line":67,"column":1}},"line":32},"4":{"name":"(anonymous_4)","decl":{"start":{"line":36,"column":20},"end":{"line":36,"column":21}},"loc":{"start":{"line":36,"column":35},"end":{"line":64,"column":3}},"line":36},"5":{"name":"(anonymous_5)","decl":{"start":{"line":44,"column":24},"end":{"line":44,"column":25}},"loc":{"start":{"line":44,"column":39},"end":{"line":62,"column":7}},"line":44},"6":{"name":"(anonymous_6)","decl":{"start":{"line":51,"column":28},"end":{"line":51,"column":29}},"loc":{"start":{"line":51,"column":43},"end":{"line":60,"column":11}},"line":51}},"branchMap":{"0":{"loc":{"start":{"line":22,"column":4},"end":{"line":23,"column":36}},"type":"if","locations":[{"start":{"line":22,"column":4},"end":{"line":23,"column":36}},{"start":{"line":22,"column":4},"end":{"line":23,"column":36}}],"line":22},"1":{"loc":{"start":{"line":37,"column":4},"end":{"line":63,"column":5}},"type":"if","locations":[{"start":{"line":37,"column":4},"end":{"line":63,"column":5}},{"start":{"line":37,"column":4},"end":{"line":63,"column":5}}],"line":37},"2":{"loc":{"start":{"line":45,"column":8},"end":{"line":61,"column":9}},"type":"if","locations":[{"start":{"line":45,"column":8},"end":{"line":61,"column":9}},{"start":{"line":45,"column":8},"end":{"line":61,"column":9}}],"line":45},"3":{"loc":{"start":{"line":52,"column":12},"end":{"line":58,"column":13}},"type":"if","locations":[{"start":{"line":52,"column":12},"end":{"line":58,"column":13}},{"start":{"line":52,"column":12},"end":{"line":58,"column":13}}],"line":52}},"s":{"0":1,"1":1,"2":1,"3":2,"4":1,"5":1,"6":4,"7":4,"8":1,"9":3,"10":1,"11":2,"12":2,"13":2,"14":1,"15":0,"16":1,"17":1,"18":1,"19":1,"20":0,"21":1,"22":1,"23":1,"24":1,"25":0,"26":1,"27":1,"28":1,"29":1,"30":1},"f":{"0":2,"1":4,"2":4,"3":2,"4":1,"5":1,"6":1},"b":{"0":[1,3],"1":[0,1],"2":[0,1],"3":[0,1]},"_coverageSchema":"332fd63041d2c1bcb487cc26dd0d5f7d97098a6c","hash":"4358dbee71c0d0c4e2b52c4edf10a7599cf3151b"}
}
