TN:
SF:/Users/caity/codefellows/401/lab/03-async/lib/reader-fixed.js
FN:9,(anonymous_0)
FN:19,(anonymous_1)
FN:20,(anonymous_2)
FN:32,(anonymous_3)
FN:36,(anonymous_4)
FN:44,(anonymous_5)
FN:51,(anonymous_6)
FNF:7
FNH:7
FNDA:2,(anonymous_0)
FNDA:4,(anonymous_1)
FNDA:4,(anonymous_2)
FNDA:2,(anonymous_3)
FNDA:1,(anonymous_4)
FNDA:1,(anonymous_5)
FNDA:1,(anonymous_6)
DA:3,1
DA:4,1
DA:9,1
DA:10,2
DA:11,1
DA:19,1
DA:20,4
DA:22,4
DA:23,3
DA:32,1
DA:33,2
DA:34,2
DA:36,2
DA:37,1
DA:39,1
DA:41,1
DA:44,1
DA:45,1
DA:47,1
DA:48,1
DA:51,1
DA:52,1
DA:54,1
DA:55,1
DA:56,1
DA:59,1
DA:66,1
LF:27
LH:27
BRDA:22,0,0,1
BRDA:22,0,1,3
BRDA:37,1,0,0
BRDA:37,1,1,1
BRDA:45,2,0,0
BRDA:45,2,1,1
BRDA:52,3,0,0
BRDA:52,3,1,1
BRF:8
BRH:5
end_of_record
